<?xml version="1.0" encoding="UTF-8"?>
<testng-results skipped="0" failed="0" ignored="0" total="1" passed="1">
  <reporter-output>
  </reporter-output>
  <suite name="Surefire suite" duration-ms="40371" started-at="2020-02-10T13:49:16 EET" finished-at="2020-02-10T13:49:56 EET">
    <groups>
    </groups>
    <test name="Surefire test" duration-ms="40371" started-at="2020-02-10T13:49:16 EET" finished-at="2020-02-10T13:49:56 EET">
      <class name="com.maven.seleniumTest.AppTest">
        <test-method status="PASS" signature="login()[pri:0, instance:com.maven.seleniumTest.AppTest@5b275dab]" name="login" duration-ms="40340" started-at="2020-02-10T13:49:16 EET" finished-at="2020-02-10T13:49:56 EET">
          <reporter-output>
          </reporter-output>
        </test-method> <!-- login -->
      </class> <!-- com.maven.seleniumTest.AppTest -->
    </test> <!-- Surefire test -->
  </suite> <!-- Surefire suite -->
</testng-results>
